Using pre-set license
Built from '2020.3/staging' branch; Version is '2020.3.0f1 (c7b5465681fb) revision 13088070'; Using compiler version '192528614'; Build Type 'Release'
OS: 'Windows 10 Pro; OS build 18363.1440; Version 1909; 64bit' Language: 'zh' Physical Memory: 32681 MB
BatchMode: 1, IsHumanControllingUs: 0, StartBugReporterOnCrash: 0, Is64bit: 1, IsPro: 0

 COMMAND LINE ARGUMENTS:
C:\Program Files\Unity\Hub\Editor\2020.3.0f1\Editor\Unity.exe
-adb2
-batchMode
-noUpm
-name
AssetImportWorker0
-projectPath
C:/ACG/ACG_game/ACG_game
-logFile
Logs/AssetImportWorker0.log
-srvPort
50055
Successfully changed project path to: C:/ACG/ACG_game/ACG_game
C:/ACG/ACG_game/ACG_game
Using Asset Import Pipeline V2.
Refreshing native plugins compatible for Editor in 57.46 ms, found 1 plugins.
Preloading 0 native plugins for Editor in 0.00 ms.
Initialize engine version: 2020.3.0f1 (c7b5465681fb)
[Subsystems] Discovering subsystems at path C:/Program Files/Unity/Hub/Editor/2020.3.0f1/Editor/Data/Resources/UnitySubsystems
[Subsystems] Discovering subsystems at path C:/ACG/ACG_game/ACG_game/Assets
GfxDevice: creating device client; threaded=0
Direct3D:
    Version:  Direct3D 11.0 [level 11.1]
    Renderer: NVIDIA GeForce RTX 2070 SUPER (ID=0x1e84)
    Vendor:   
    VRAM:     8011 MB
    Driver:   27.21.14.6172
Initialize mono
Mono path[0] = 'C:/Program Files/Unity/Hub/Editor/2020.3.0f1/Editor/Data/Managed'
Mono path[1] = 'C:/Program Files/Unity/Hub/Editor/2020.3.0f1/Editor/Data/MonoBleedingEdge/lib/mono/unityjit'
Mono config path = 'C:/Program Files/Unity/Hub/Editor/2020.3.0f1/Editor/Data/MonoBleedingEdge/etc'
Using monoOptions --debugger-agent=transport=dt_socket,embedding=1,server=y,suspend=n,address=127.0.0.1:56200
Begin MonoManager ReloadAssembly
Registering precompiled unity dll's ...
Register platform support module: C:/Program Files/Unity/Hub/Editor/2020.3.0f1/Editor/Data/PlaybackEngines/WebGLSupport/UnityEditor.WebGL.Extensions.dll
Register platform support module: C:/Program Files/Unity/Hub/Editor/2020.3.0f1/Editor/Data/PlaybackEngines/WindowsStandaloneSupport/UnityEditor.WindowsStandalone.Extensions.dll
Registered in 0.002149 seconds.
Native extension for WindowsStandalone target not found
Native extension for WebGL target not found
Refreshing native plugins compatible for Editor in 55.01 ms, found 1 plugins.
Preloading 0 native plugins for Editor in 0.00 ms.
Invoked RoslynAnalysisRunner static constructor.
RoslynAnalysisRunner will not be running.
RoslynAnalysisRunner has terminated.
Mono: successfully reloaded assembly
- Completed reload, in  1.719 seconds
Platform modules already initialized, skipping
Registering precompiled user dll's ...
Registered in 0.000949 seconds.
Begin MonoManager ReloadAssembly
Native extension for WindowsStandalone target not found
Native extension for WebGL target not found
Refreshing native plugins compatible for Editor in 55.71 ms, found 1 plugins.
Preloading 0 native plugins for Editor in 0.00 ms.
Invoked RoslynAnalysisRunner static constructor.
RoslynAnalysisRunner will not be running.
RoslynAnalysisRunner has terminated.
Mono: successfully reloaded assembly
- Completed reload, in  0.736 seconds
Platform modules already initialized, skipping
========================================================================
Worker process is ready to serve import requests
Launched and connected shader compiler UnityShaderCompiler.exe after 0.05 seconds
Refreshing native plugins compatible for Editor in 0.83 ms, found 1 plugins.
Preloading 0 native plugins for Editor in 0.00 ms.
Unloading 1815 Unused Serialized files (Serialized files now loaded: 0)
System memory in use before: 211.3 MB.
System memory in use after: 211.4 MB.

Unloading 18 unused Assets to reduce memory usage. Loaded Objects now: 2322.
Total: 1.837600 ms (FindLiveObjects: 0.242200 ms CreateObjectMapping: 0.046300 ms MarkObjects: 1.497300 ms  DeleteObjects: 0.050500 ms)

========================================================================
Received Import Request.
  path: Assets/!VibrantEffectTexturesFreePack/acrylics/Materials/40.mat
  artifactKey: Guid(e42a1ded277bfcf48b31f2da0ab33a13) Importer(815301076,1909f56bfc062723c751e8b465ee728b)
Start importing Assets/!VibrantEffectTexturesFreePack/acrylics/Materials/40.mat using Guid(e42a1ded277bfcf48b31f2da0ab33a13) Importer(815301076,1909f56bfc062723c751e8b465ee728b)  -> (artifact id: '1d6b90d1130cab8ae55797b53c3d261d') in 0.093770 seconds
  Import took 0.096910 seconds .

========================================================================
Received Import Request.
  Time since last request: 25.239520 seconds.
  path: Assets/預製物/法術.prefab
  artifactKey: Guid(831000f6a7fffd44aa0f8e4ec4958e7e) Importer(815301076,1909f56bfc062723c751e8b465ee728b)
Start importing Assets/預製物/法術.prefab using Guid(831000f6a7fffd44aa0f8e4ec4958e7e) Importer(815301076,1909f56bfc062723c751e8b465ee728b)  -> (artifact id: '826b1c355f9ba3a761d74328c2d2e3bf') in 0.012691 seconds
  Import took 0.015748 seconds .

========================================================================
Received Prepare
Registering precompiled user dll's ...
Registered in 0.001183 seconds.
Begin MonoManager ReloadAssembly
Native extension for WindowsStandalone target not found
Native extension for WebGL target not found
Refreshing native plugins compatible for Editor in 0.77 ms, found 1 plugins.
Preloading 0 native plugins for Editor in 0.00 ms.
Invoked RoslynAnalysisRunner static constructor.
RoslynAnalysisRunner will not be running.
RoslynAnalysisRunner has terminated.
Mono: successfully reloaded assembly
- Completed reload, in  0.655 seconds
Platform modules already initialized, skipping
Refreshing native plugins compatible for Editor in 0.72 ms, found 1 plugins.
Preloading 0 native plugins for Editor in 0.00 ms.
Unloading 1805 Unused Serialized files (Serialized files now loaded: 0)
System memory in use before: 214.2 MB.
System memory in use after: 214.3 MB.

Unloading 7 unused Assets to reduce memory usage. Loaded Objects now: 2366.
Total: 1.629100 ms (FindLiveObjects: 0.191500 ms CreateObjectMapping: 0.038200 ms MarkObjects: 1.388800 ms  DeleteObjects: 0.009800 ms)

========================================================================
Received Prepare
Registering precompiled user dll's ...
Registered in 0.001334 seconds.
Begin MonoManager ReloadAssembly
Native extension for WindowsStandalone target not found
Native extension for WebGL target not found
Refreshing native plugins compatible for Editor in 0.78 ms, found 1 plugins.
Preloading 0 native plugins for Editor in 0.00 ms.
Invoked RoslynAnalysisRunner static constructor.
RoslynAnalysisRunner will not be running.
RoslynAnalysisRunner has terminated.
Mono: successfully reloaded assembly
- Completed reload, in  0.688 seconds
Platform modules already initialized, skipping
Refreshing native plugins compatible for Editor in 0.87 ms, found 1 plugins.
Preloading 0 native plugins for Editor in 0.00 ms.
Unloading 1805 Unused Serialized files (Serialized files now loaded: 0)
System memory in use before: 214.3 MB.
System memory in use after: 214.4 MB.

Unloading 7 unused Assets to reduce memory usage. Loaded Objects now: 2370.
Total: 1.873800 ms (FindLiveObjects: 0.222900 ms CreateObjectMapping: 0.040200 ms MarkObjects: 1.592900 ms  DeleteObjects: 0.016500 ms)

========================================================================
Received Import Request.
  Time since last request: 908.658532 seconds.
  path: Assets/預製物/法術碰撞.prefab
  artifactKey: Guid(93631abea596cf74398b345610df9f9c) Importer(815301076,1909f56bfc062723c751e8b465ee728b)
Start importing Assets/預製物/法術碰撞.prefab using Guid(93631abea596cf74398b345610df9f9c) Importer(815301076,1909f56bfc062723c751e8b465ee728b)  -> (artifact id: '859558d02dbf7780053ccb83265276f1') in 0.020730 seconds
  Import took 0.024115 seconds .

========================================================================
Received Prepare
Registering precompiled user dll's ...
Registered in 0.001401 seconds.
Begin MonoManager ReloadAssembly
Native extension for WindowsStandalone target not found
Native extension for WebGL target not found
Refreshing native plugins compatible for Editor in 0.72 ms, found 1 plugins.
Preloading 0 native plugins for Editor in 0.00 ms.
Invoked RoslynAnalysisRunner static constructor.
RoslynAnalysisRunner will not be running.
RoslynAnalysisRunner has terminated.
Mono: successfully reloaded assembly
- Completed reload, in  0.636 seconds
Platform modules already initialized, skipping
Refreshing native plugins compatible for Editor in 0.73 ms, found 1 plugins.
Preloading 0 native plugins for Editor in 0.00 ms.
Unloading 1805 Unused Serialized files (Serialized files now loaded: 0)
System memory in use before: 214.3 MB.
System memory in use after: 214.4 MB.

Unloading 7 unused Assets to reduce memory usage. Loaded Objects now: 2374.
Total: 1.665900 ms (FindLiveObjects: 0.200400 ms CreateObjectMapping: 0.044600 ms MarkObjects: 1.409500 ms  DeleteObjects: 0.010600 ms)

========================================================================
Received Import Request.
  Time since last request: 991.593367 seconds.
  path: Assets/Scripts/Player.cs
  artifactKey: Guid(5ec5fb98dd025964987b0fdfd4dc2f47) Importer(815301076,1909f56bfc062723c751e8b465ee728b)
Start importing Assets/Scripts/Player.cs using Guid(5ec5fb98dd025964987b0fdfd4dc2f47) Importer(815301076,1909f56bfc062723c751e8b465ee728b)  -> (artifact id: '8854f6507006c5a1d6cd27cd98ae0568') in 0.013052 seconds
  Import took 0.015850 seconds .

========================================================================
Received Import Request.
  Time since last request: 17.612192 seconds.
  path: Assets/Scripts/PlayerController.cs
  artifactKey: Guid(5bc04ace1337d2548bb2bd3d9dc1fbfa) Importer(815301076,1909f56bfc062723c751e8b465ee728b)
Start importing Assets/Scripts/PlayerController.cs using Guid(5bc04ace1337d2548bb2bd3d9dc1fbfa) Importer(815301076,1909f56bfc062723c751e8b465ee728b)  -> (artifact id: 'fd503148e1383a1531bb22839020d35b') in 0.002432 seconds
  Import took 0.005000 seconds .

========================================================================
Received Import Request.
  Time since last request: 0.000250 seconds.
  path: Assets/Scripts/PlayerController.cs
  artifactKey: Guid(5bc04ace1337d2548bb2bd3d9dc1fbfa) Importer(815301076,1909f56bfc062723c751e8b465ee728b)
Start importing Assets/Scripts/PlayerController.cs using Guid(5bc04ace1337d2548bb2bd3d9dc1fbfa) Importer(815301076,1909f56bfc062723c751e8b465ee728b)  -> (artifact id: 'fd503148e1383a1531bb22839020d35b') in 0.001717 seconds
  Import took 0.003619 seconds .

========================================================================
Received Prepare
Registering precompiled user dll's ...
Registered in 0.001860 seconds.
Begin MonoManager ReloadAssembly
Native extension for WindowsStandalone target not found
Native extension for WebGL target not found
Refreshing native plugins compatible for Editor in 0.73 ms, found 1 plugins.
Preloading 0 native plugins for Editor in 0.00 ms.
Invoked RoslynAnalysisRunner static constructor.
RoslynAnalysisRunner will not be running.
RoslynAnalysisRunner has terminated.
Mono: successfully reloaded assembly
- Completed reload, in  0.634 seconds
Platform modules already initialized, skipping
Refreshing native plugins compatible for Editor in 0.74 ms, found 1 plugins.
Preloading 0 native plugins for Editor in 0.00 ms.
Unloading 1804 Unused Serialized files (Serialized files now loaded: 0)
System memory in use before: 214.3 MB.
System memory in use after: 214.4 MB.

Unloading 8 unused Assets to reduce memory usage. Loaded Objects now: 2377.
Total: 1.611300 ms (FindLiveObjects: 0.194700 ms CreateObjectMapping: 0.036700 ms MarkObjects: 1.367700 ms  DeleteObjects: 0.011200 ms)

========================================================================
Received Import Request.
  Time since last request: 55.379547 seconds.
  path: Assets/動畫/角色/player.controller
  artifactKey: Guid(353fc4f603b75124688f0f907df081b3) Importer(815301076,1909f56bfc062723c751e8b465ee728b)
Start importing Assets/動畫/角色/player.controller using Guid(353fc4f603b75124688f0f907df081b3) Importer(815301076,1909f56bfc062723c751e8b465ee728b)  -> (artifact id: '2d61e22b75295cf8ae520306b2a6964c') in 0.017469 seconds
  Import took 0.020511 seconds .

========================================================================
Received Prepare
Registering precompiled user dll's ...
Registered in 0.001404 seconds.
Begin MonoManager ReloadAssembly
Native extension for WindowsStandalone target not found
Native extension for WebGL target not found
Refreshing native plugins compatible for Editor in 0.73 ms, found 1 plugins.
Preloading 0 native plugins for Editor in 0.00 ms.
Invoked RoslynAnalysisRunner static constructor.
RoslynAnalysisRunner will not be running.
RoslynAnalysisRunner has terminated.
Mono: successfully reloaded assembly
- Completed reload, in  0.637 seconds
Platform modules already initialized, skipping
Refreshing native plugins compatible for Editor in 0.71 ms, found 1 plugins.
Preloading 0 native plugins for Editor in 0.00 ms.
Unloading 1804 Unused Serialized files (Serialized files now loaded: 0)
System memory in use before: 214.3 MB.
System memory in use after: 214.4 MB.

Unloading 7 unused Assets to reduce memory usage. Loaded Objects now: 2381.
Total: 1.699900 ms (FindLiveObjects: 0.215500 ms CreateObjectMapping: 0.039300 ms MarkObjects: 1.431700 ms  DeleteObjects: 0.012400 ms)

========================================================================
Received Prepare
Registering precompiled user dll's ...
Registered in 0.001322 seconds.
Begin MonoManager ReloadAssembly
Native extension for WindowsStandalone target not found
Native extension for WebGL target not found
Refreshing native plugins compatible for Editor in 0.73 ms, found 1 plugins.
Preloading 0 native plugins for Editor in 0.00 ms.
Invoked RoslynAnalysisRunner static constructor.
RoslynAnalysisRunner will not be running.
RoslynAnalysisRunner has terminated.
Mono: successfully reloaded assembly
- Completed reload, in  0.627 seconds
Platform modules already initialized, skipping
Refreshing native plugins compatible for Editor in 0.74 ms, found 1 plugins.
Preloading 0 native plugins for Editor in 0.00 ms.
Unloading 1804 Unused Serialized files (Serialized files now loaded: 0)
System memory in use before: 214.3 MB.
System memory in use after: 214.4 MB.

Unloading 7 unused Assets to reduce memory usage. Loaded Objects now: 2385.
Total: 1.644800 ms (FindLiveObjects: 0.193000 ms CreateObjectMapping: 0.037200 ms MarkObjects: 1.403500 ms  DeleteObjects: 0.010600 ms)

========================================================================
Received Prepare
Registering precompiled user dll's ...
Registered in 0.001331 seconds.
Begin MonoManager ReloadAssembly
Native extension for WindowsStandalone target not found
Native extension for WebGL target not found
Refreshing native plugins compatible for Editor in 0.73 ms, found 1 plugins.
Preloading 0 native plugins for Editor in 0.00 ms.
Invoked RoslynAnalysisRunner static constructor.
RoslynAnalysisRunner will not be running.
RoslynAnalysisRunner has terminated.
Mono: successfully reloaded assembly
- Completed reload, in  0.632 seconds
Platform modules already initialized, skipping
Refreshing native plugins compatible for Editor in 0.71 ms, found 1 plugins.
Preloading 0 native plugins for Editor in 0.00 ms.
Unloading 1804 Unused Serialized files (Serialized files now loaded: 0)
System memory in use before: 214.3 MB.
System memory in use after: 214.4 MB.

Unloading 7 unused Assets to reduce memory usage. Loaded Objects now: 2389.
Total: 1.629400 ms (FindLiveObjects: 0.211600 ms CreateObjectMapping: 0.041500 ms MarkObjects: 1.364600 ms  DeleteObjects: 0.010700 ms)

========================================================================
Received Prepare
Registering precompiled user dll's ...
Registered in 0.001057 seconds.
Begin MonoManager ReloadAssembly
Native extension for WindowsStandalone target not found
Native extension for WebGL target not found
Refreshing native plugins compatible for Editor in 0.77 ms, found 1 plugins.
Preloading 0 native plugins for Editor in 0.00 ms.
Invoked RoslynAnalysisRunner static constructor.
RoslynAnalysisRunner will not be running.
RoslynAnalysisRunner has terminated.
Mono: successfully reloaded assembly
- Completed reload, in  0.629 seconds
Platform modules already initialized, skipping
Refreshing native plugins compatible for Editor in 0.72 ms, found 1 plugins.
Preloading 0 native plugins for Editor in 0.00 ms.
Unloading 1804 Unused Serialized files (Serialized files now loaded: 0)
System memory in use before: 214.3 MB.
System memory in use after: 214.5 MB.

Unloading 7 unused Assets to reduce memory usage. Loaded Objects now: 2393.
Total: 1.808200 ms (FindLiveObjects: 0.219300 ms CreateObjectMapping: 0.045500 ms MarkObjects: 1.529500 ms  DeleteObjects: 0.012900 ms)

========================================================================
Received Prepare
Registering precompiled user dll's ...
Registered in 0.001121 seconds.
Begin MonoManager ReloadAssembly
Native extension for WindowsStandalone target not found
Native extension for WebGL target not found
Refreshing native plugins compatible for Editor in 0.79 ms, found 1 plugins.
Preloading 0 native plugins for Editor in 0.00 ms.
Invoked RoslynAnalysisRunner static constructor.
RoslynAnalysisRunner will not be running.
RoslynAnalysisRunner has terminated.
Mono: successfully reloaded assembly
- Completed reload, in  0.629 seconds
Platform modules already initialized, skipping
Refreshing native plugins compatible for Editor in 0.73 ms, found 1 plugins.
Preloading 0 native plugins for Editor in 0.00 ms.
Unloading 1804 Unused Serialized files (Serialized files now loaded: 0)
System memory in use before: 214.4 MB.
System memory in use after: 214.5 MB.

Unloading 7 unused Assets to reduce memory usage. Loaded Objects now: 2397.
Total: 1.627700 ms (FindLiveObjects: 0.201700 ms CreateObjectMapping: 0.038200 ms MarkObjects: 1.376300 ms  DeleteObjects: 0.010800 ms)

========================================================================
Received Prepare
Registering precompiled user dll's ...
Registered in 0.001311 seconds.
Begin MonoManager ReloadAssembly
Native extension for WindowsStandalone target not found
Native extension for WebGL target not found
Refreshing native plugins compatible for Editor in 0.72 ms, found 1 plugins.
Preloading 0 native plugins for Editor in 0.00 ms.
Invoked RoslynAnalysisRunner static constructor.
RoslynAnalysisRunner will not be running.
RoslynAnalysisRunner has terminated.
Mono: successfully reloaded assembly
- Completed reload, in  0.632 seconds
Platform modules already initialized, skipping
Refreshing native plugins compatible for Editor in 0.73 ms, found 1 plugins.
Preloading 0 native plugins for Editor in 0.00 ms.
Unloading 1804 Unused Serialized files (Serialized files now loaded: 0)
System memory in use before: 214.4 MB.
System memory in use after: 214.5 MB.

Unloading 7 unused Assets to reduce memory usage. Loaded Objects now: 2401.
Total: 1.631800 ms (FindLiveObjects: 0.199500 ms CreateObjectMapping: 0.038100 ms MarkObjects: 1.382300 ms  DeleteObjects: 0.010800 ms)

========================================================================
Received Prepare
Registering precompiled user dll's ...
Registered in 0.001302 seconds.
Begin MonoManager ReloadAssembly
Native extension for WindowsStandalone target not found
Native extension for WebGL target not found
Refreshing native plugins compatible for Editor in 0.76 ms, found 1 plugins.
Preloading 0 native plugins for Editor in 0.00 ms.
Invoked RoslynAnalysisRunner static constructor.
RoslynAnalysisRunner will not be running.
RoslynAnalysisRunner has terminated.
Mono: successfully reloaded assembly
- Completed reload, in  0.629 seconds
Platform modules already initialized, skipping
Refreshing native plugins compatible for Editor in 0.73 ms, found 1 plugins.
Preloading 0 native plugins for Editor in 0.00 ms.
Unloading 1804 Unused Serialized files (Serialized files now loaded: 0)
System memory in use before: 214.4 MB.
System memory in use after: 214.5 MB.

Unloading 7 unused Assets to reduce memory usage. Loaded Objects now: 2405.
Total: 1.871600 ms (FindLiveObjects: 0.295100 ms CreateObjectMapping: 0.048600 ms MarkObjects: 1.507400 ms  DeleteObjects: 0.019200 ms)

========================================================================
Received Prepare
Registering precompiled user dll's ...
Registered in 0.001221 seconds.
Begin MonoManager ReloadAssembly
Native extension for WindowsStandalone target not found
Native extension for WebGL target not found
Refreshing native plugins compatible for Editor in 0.72 ms, found 1 plugins.
Preloading 0 native plugins for Editor in 0.00 ms.
Invoked RoslynAnalysisRunner static constructor.
RoslynAnalysisRunner will not be running.
RoslynAnalysisRunner has terminated.
Mono: successfully reloaded assembly
- Completed reload, in  0.630 seconds
Platform modules already initialized, skipping
Refreshing native plugins compatible for Editor in 0.72 ms, found 1 plugins.
Preloading 0 native plugins for Editor in 0.00 ms.
Unloading 1804 Unused Serialized files (Serialized files now loaded: 0)
System memory in use before: 214.4 MB.
System memory in use after: 214.5 MB.

Unloading 7 unused Assets to reduce memory usage. Loaded Objects now: 2409.
Total: 1.719800 ms (FindLiveObjects: 0.203900 ms CreateObjectMapping: 0.042800 ms MarkObjects: 1.461000 ms  DeleteObjects: 0.011300 ms)

========================================================================
Received Prepare
Registering precompiled user dll's ...
Registered in 0.001048 seconds.
Begin MonoManager ReloadAssembly
Native extension for WindowsStandalone target not found
Native extension for WebGL target not found
Refreshing native plugins compatible for Editor in 0.73 ms, found 1 plugins.
Preloading 0 native plugins for Editor in 0.00 ms.
Invoked RoslynAnalysisRunner static constructor.
RoslynAnalysisRunner will not be running.
RoslynAnalysisRunner has terminated.
Mono: successfully reloaded assembly
- Completed reload, in  0.618 seconds
Platform modules already initialized, skipping
Refreshing native plugins compatible for Editor in 0.72 ms, found 1 plugins.
Preloading 0 native plugins for Editor in 0.00 ms.
Unloading 1804 Unused Serialized files (Serialized files now loaded: 0)
System memory in use before: 214.4 MB.
System memory in use after: 214.5 MB.

Unloading 7 unused Assets to reduce memory usage. Loaded Objects now: 2413.
Total: 1.693500 ms (FindLiveObjects: 0.196200 ms CreateObjectMapping: 0.044700 ms MarkObjects: 1.440100 ms  DeleteObjects: 0.011300 ms)

AssetImportWorkerClient::OnTransportError - code=2 error=End of file
